  PROJECT1.cpp
d:\visual studio\project1\project1.cpp(9): error C4430: missing type specifier - int assumed. Note: C++ does not support default-int
d:\visual studio\project1\project1.cpp(9): error C2146: syntax error: missing ';' before identifier 'infix2postfix'
d:\visual studio\project1\project1.cpp(10): error C2146: syntax error: missing ')' before identifier 'a'
d:\visual studio\project1\project1.cpp(11): error C2146: syntax error: missing ')' before identifier 'a'
d:\visual studio\project1\project1.cpp(17): error C2146: syntax error: missing ';' before identifier 'sample'
d:\visual studio\project1\project1.cpp(17): error C2065: 'sample': undeclared identifier
d:\visual studio\project1\project1.cpp(18): error C2065: 'sample': undeclared identifier
d:\visual studio\project1\project1.cpp(21): error C2065: 'cout': undeclared identifier
d:\visual studio\project1\project1.cpp(21): error C2065: 'sample': undeclared identifier
d:\visual studio\project1\project1.cpp(21): error C3861: 'infix': identifier not found
d:\visual studio\project1\project1.cpp(21): error C2065: 'endl': undeclared identifier
d:\visual studio\project1\project1.cpp(25): error C2065: 'cerr': undeclared identifier
d:\visual studio\project1\project1.cpp(25): error C2065: 'endl': undeclared identifier
d:\visual studio\project1\project1.cpp(28): error C2065: 'cin': undeclared identifier
d:\visual studio\project1\project1.cpp(30): error C2065: 'cin': undeclared identifier
d:\visual studio\project1\project1.cpp(30): error C2065: 'sample': undeclared identifier
d:\visual studio\project1\project1.cpp(30): error C3861: 'getline': identifier not found
d:\visual studio\project1\project1.cpp(31): error C2065: 'sample': undeclared identifier
d:\visual studio\project1\project1.cpp(38): error C2065: 'cout': undeclared identifier
d:\visual studio\project1\project1.cpp(38): error C2065: 'sample': undeclared identifier
d:\visual studio\project1\project1.cpp(38): error C3861: 'infix': identifier not found
d:\visual studio\project1\project1.cpp(38): error C2065: 'endl': undeclared identifier
d:\visual studio\project1\project1.cpp(42): error C2065: 'cerr': undeclared identifier
d:\visual studio\project1\project1.cpp(42): error C2065: 'endl': undeclared identifier
d:\visual studio\project1\project1.cpp(48): error C2146: syntax error: missing ')' before identifier 'a'
d:\visual studio\project1\project1.cpp(49): error C2143: syntax error: missing ';' before '{'
d:\visual studio\project1\project1.cpp(49): error C2447: '{': missing function header (old-style formal list?)
d:\visual studio\project1\project1.cpp(53): error C4430: missing type specifier - int assumed. Note: C++ does not support default-int
d:\visual studio\project1\project1.cpp(53): error C2086: 'int string': redefinition
  d:\visual studio\project1\project1.cpp(9): note: see declaration of 'string'
d:\visual studio\project1\project1.cpp(53): error C2146: syntax error: missing ';' before identifier 'infix2postfix'
d:\visual studio\project1\project1.cpp(54): error C2143: syntax error: missing ';' before '{'
d:\visual studio\project1\project1.cpp(54): error C2447: '{': missing function header (old-style formal list?)
d:\visual studio\project1\project1.cpp(133): error C2146: syntax error: missing ')' before identifier 'a'
d:\visual studio\project1\project1.cpp(135): error C2143: syntax error: missing ';' before '{'
d:\visual studio\project1\project1.cpp(135): error C2447: '{': missing function header (old-style formal list?)
